2017-01-26 13:19:36 - PHP Notice:  Undefined index: guest in /home/www/demo-opencart.ru/public_html/catalog/controller/checkout/guest_shipping.php on line 84
2017-02-21 0:22:39 - PHP Notice:  Undefined index: required in /home/www/demo-opencart.ru/public_html/admin/controller/customer/custom_field.php on line 499
2017-05-18 9:45:46 - PHP Warning:  SessionHandler::write(): The session id is too long or contains illegal characters, valid characters are a-z, A-Z, 0-9 and '-,' in /home/www/demo-opencart.ru/public_html/system/library/session/native.php on line 21
2017-06-29 15:29:46 - PHP Notice:  Undefined index: country_id in /home/www/demo-opencart.ru/public_html/catalog/controller/extension/total/shipping.php on line 68
2017-06-29 15:29:46 - PHP Notice:  Undefined index: country_id in /home/www/demo-opencart.ru/public_html/catalog/controller/extension/total/shipping.php on line 78
2017-07-13 12:04:34 - PHP Warning:  Invalid argument supplied for foreach() in /home/www/demo-opencart.ru/public_html/system/library/cart/cart.php on line 50
2017-07-13 12:04:34 - PHP Warning:  Invalid argument supplied for foreach() in /home/www/demo-opencart.ru/public_html/system/library/cart/cart.php on line 50
2017-07-13 12:04:34 - PHP Warning:  Invalid argument supplied for foreach() in /home/www/demo-opencart.ru/public_html/system/library/cart/cart.php on line 50
2017-07-13 12:04:34 - PHP Warning:  Invalid argument supplied for foreach() in /home/www/demo-opencart.ru/public_html/system/library/cart/cart.php on line 50
2017-07-13 12:06:20 - PHP Warning:  Invalid argument supplied for foreach() in /home/www/demo-opencart.ru/public_html/system/library/cart/cart.php on line 50
2017-07-13 12:06:20 - PHP Warning:  Invalid argument supplied for foreach() in /home/www/demo-opencart.ru/public_html/system/library/cart/cart.php on line 50
2017-07-13 12:06:20 - PHP Warning:  Invalid argument supplied for foreach() in /home/www/demo-opencart.ru/public_html/system/library/cart/cart.php on line 50
2017-07-13 12:06:20 - PHP Warning:  Invalid argument supplied for foreach() in /home/www/demo-opencart.ru/public_html/system/library/cart/cart.php on line 50
2017-07-13 12:06:20 - PHP Warning:  Invalid argument supplied for foreach() in /home/www/demo-opencart.ru/public_html/system/library/cart/cart.php on line 50
2017-07-13 12:06:20 - PHP Warning:  Invalid argument supplied for foreach() in /home/www/demo-opencart.ru/public_html/system/library/cart/cart.php on line 50
2017-07-13 12:06:20 - PHP Warning:  Invalid argument supplied for foreach() in /home/www/demo-opencart.ru/public_html/system/library/cart/cart.php on line 50
2017-07-13 12:06:20 - PHP Warning:  Invalid argument supplied for foreach() in /home/www/demo-opencart.ru/public_html/system/library/cart/cart.php on line 50
2017-07-13 12:06:26 - PHP Warning:  Invalid argument supplied for foreach() in /home/www/demo-opencart.ru/public_html/system/library/cart/cart.php on line 50
2017-07-13 12:06:26 - PHP Warning:  Invalid argument supplied for foreach() in /home/www/demo-opencart.ru/public_html/system/library/cart/cart.php on line 50
2017-07-13 12:06:26 - PHP Warning:  Invalid argument supplied for foreach() in /home/www/demo-opencart.ru/public_html/system/library/cart/cart.php on line 50
2017-07-13 12:06:26 - PHP Warning:  Invalid argument supplied for foreach() in /home/www/demo-opencart.ru/public_html/system/library/cart/cart.php on line 50
2017-07-13 12:06:26 - PHP Warning:  Invalid argument supplied for foreach() in /home/www/demo-opencart.ru/public_html/system/library/cart/cart.php on line 50
2017-07-13 12:06:26 - PHP Warning:  Invalid argument supplied for foreach() in /home/www/demo-opencart.ru/public_html/system/library/cart/cart.php on line 50
2017-07-13 12:06:26 - PHP Warning:  Invalid argument supplied for foreach() in /home/www/demo-opencart.ru/public_html/system/library/cart/cart.php on line 50
2017-07-13 12:06:26 - PHP Warning:  Invalid argument supplied for foreach() in /home/www/demo-opencart.ru/public_html/system/library/cart/cart.php on line 50
2017-07-13 12:06:26 - PHP Warning:  Invalid argument supplied for foreach() in /home/www/demo-opencart.ru/public_html/system/library/cart/cart.php on line 50
2017-07-13 12:06:26 - PHP Warning:  Invalid argument supplied for foreach() in /home/www/demo-opencart.ru/public_html/system/library/cart/cart.php on line 50
2017-07-13 12:06:26 - PHP Warning:  Invalid argument supplied for foreach() in /home/www/demo-opencart.ru/public_html/system/library/cart/cart.php on line 50
2017-07-13 12:06:26 - PHP Warning:  Invalid argument supplied for foreach() in /home/www/demo-opencart.ru/public_html/system/library/cart/cart.php on line 50
2020-09-02 17:01:56 - PHP Notice:  Error: Could not load template /Library/WebServer/Documents/opencart/admin/view/template/sale/order_list.tpl! in /Library/WebServer/Documents/opencart/system/storage/modification/system/library/template/php.php on line 23
2020-09-02 17:39:18 - PHP Warning:  unlink(/Library/WebServer/Documents/opencart/system/storage/modification/system/library/template/tiwg.php): Permission denied in /Library/WebServer/Documents/opencart/admin/controller/extension/modification.php on line 101
2020-09-02 17:39:18 - PHP Warning:  unlink(/Library/WebServer/Documents/opencart/system/storage/modification/system/library/template/php.php): Permission denied in /Library/WebServer/Documents/opencart/admin/controller/extension/modification.php on line 101
2020-09-02 17:39:18 - PHP Warning:  rmdir(/Library/WebServer/Documents/opencart/system/storage/modification/system/library/template): Permission denied in /Library/WebServer/Documents/opencart/admin/controller/extension/modification.php on line 105
2020-09-02 17:39:18 - PHP Warning:  unlink(/Library/WebServer/Documents/opencart/system/storage/modification/system/library/language.php): Permission denied in /Library/WebServer/Documents/opencart/admin/controller/extension/modification.php on line 101
2020-09-02 17:39:18 - PHP Warning:  unlink(/Library/WebServer/Documents/opencart/system/storage/modification/system/library/config.php): Permission denied in /Library/WebServer/Documents/opencart/admin/controller/extension/modification.php on line 101
2020-09-02 17:39:18 - PHP Warning:  rmdir(/Library/WebServer/Documents/opencart/system/storage/modification/system/library): Permission denied in /Library/WebServer/Documents/opencart/admin/controller/extension/modification.php on line 105
2020-09-02 17:39:18 - PHP Warning:  unlink(/Library/WebServer/Documents/opencart/system/storage/modification/system/engine/loader.php): Permission denied in /Library/WebServer/Documents/opencart/admin/controller/extension/modification.php on line 101
2020-09-02 17:39:18 - PHP Warning:  unlink(/Library/WebServer/Documents/opencart/system/storage/modification/system/engine/action.php): Permission denied in /Library/WebServer/Documents/opencart/admin/controller/extension/modification.php on line 101
2020-09-02 17:39:18 - PHP Warning:  rmdir(/Library/WebServer/Documents/opencart/system/storage/modification/system/engine): Permission denied in /Library/WebServer/Documents/opencart/admin/controller/extension/modification.php on line 105
2020-09-02 17:39:18 - PHP Warning:  rmdir(/Library/WebServer/Documents/opencart/system/storage/modification/system): Directory not empty in /Library/WebServer/Documents/opencart/admin/controller/extension/modification.php on line 105
2020-09-02 17:39:18 - PHP Warning:  fopen(/Library/WebServer/Documents/opencart/system/storage/logs/ocmod.log): failed to open stream: Permission denied in /Library/WebServer/Documents/opencart/system/library/log.php on line 6
2020-09-02 17:39:18 - PHP Warning:  fwrite() expects parameter 1 to be resource, boolean given in /Library/WebServer/Documents/opencart/system/library/log.php on line 10
2020-09-02 17:39:18 - PHP Warning:  fopen(/Library/WebServer/Documents/opencart/system/storage/modification/system/engine/action.php): failed to open stream: Permission denied in /Library/WebServer/Documents/opencart/admin/controller/extension/modification.php on line 414
2020-09-02 17:39:18 - PHP Warning:  fwrite() expects parameter 1 to be resource, boolean given in /Library/WebServer/Documents/opencart/admin/controller/extension/modification.php on line 416
2020-09-02 17:39:18 - PHP Warning:  fclose() expects parameter 1 to be resource, boolean given in /Library/WebServer/Documents/opencart/admin/controller/extension/modification.php on line 418
2020-09-02 17:39:18 - PHP Warning:  fopen(/Library/WebServer/Documents/opencart/system/storage/modification/system/engine/loader.php): failed to open stream: Permission denied in /Library/WebServer/Documents/opencart/admin/controller/extension/modification.php on line 414
2020-09-02 17:39:18 - PHP Warning:  fwrite() expects parameter 1 to be resource, boolean given in /Library/WebServer/Documents/opencart/admin/controller/extension/modification.php on line 416
2020-09-02 17:39:18 - PHP Warning:  fclose() expects parameter 1 to be resource, boolean given in /Library/WebServer/Documents/opencart/admin/controller/extension/modification.php on line 418
2020-09-02 17:39:18 - PHP Warning:  fopen(/Library/WebServer/Documents/opencart/system/storage/modification/system/library/config.php): failed to open stream: Permission denied in /Library/WebServer/Documents/opencart/admin/controller/extension/modification.php on line 414
2020-09-02 17:39:18 - PHP Warning:  fwrite() expects parameter 1 to be resource, boolean given in /Library/WebServer/Documents/opencart/admin/controller/extension/modification.php on line 416
2020-09-02 17:39:18 - PHP Warning:  fclose() expects parameter 1 to be resource, boolean given in /Library/WebServer/Documents/opencart/admin/controller/extension/modification.php on line 418
2020-09-02 17:39:18 - PHP Warning:  fopen(/Library/WebServer/Documents/opencart/system/storage/modification/system/library/language.php): failed to open stream: Permission denied in /Library/WebServer/Documents/opencart/admin/controller/extension/modification.php on line 414
2020-09-02 17:39:18 - PHP Warning:  fwrite() expects parameter 1 to be resource, boolean given in /Library/WebServer/Documents/opencart/admin/controller/extension/modification.php on line 416
2020-09-02 17:39:18 - PHP Warning:  fclose() expects parameter 1 to be resource, boolean given in /Library/WebServer/Documents/opencart/admin/controller/extension/modification.php on line 418
2020-09-02 17:39:18 - PHP Warning:  fopen(/Library/WebServer/Documents/opencart/system/storage/modification/system/library/template/php.php): failed to open stream: Permission denied in /Library/WebServer/Documents/opencart/admin/controller/extension/modification.php on line 414
2020-09-02 17:39:18 - PHP Warning:  fwrite() expects parameter 1 to be resource, boolean given in /Library/WebServer/Documents/opencart/admin/controller/extension/modification.php on line 416
2020-09-02 17:39:18 - PHP Warning:  fclose() expects parameter 1 to be resource, boolean given in /Library/WebServer/Documents/opencart/admin/controller/extension/modification.php on line 418
2020-09-02 17:39:18 - PHP Warning:  fopen(/Library/WebServer/Documents/opencart/system/storage/modification/system/library/template/tiwg.php): failed to open stream: Permission denied in /Library/WebServer/Documents/opencart/admin/controller/extension/modification.php on line 414
2020-09-02 17:39:18 - PHP Warning:  fwrite() expects parameter 1 to be resource, boolean given in /Library/WebServer/Documents/opencart/admin/controller/extension/modification.php on line 416
2020-09-02 17:39:18 - PHP Warning:  fclose() expects parameter 1 to be resource, boolean given in /Library/WebServer/Documents/opencart/admin/controller/extension/modification.php on line 418
2020-09-02 17:39:18 - PHP Warning:  fclose() expects parameter 1 to be resource, boolean given in /Library/WebServer/Documents/opencart/system/library/log.php on line 14
2020-09-02 17:39:45 - PHP Warning:  unlink(/Library/WebServer/Documents/opencart/system/storage/modification/system/library/template/tiwg.php): Permission denied in /Library/WebServer/Documents/opencart/admin/controller/extension/modification.php on line 101
2020-09-02 17:39:45 - PHP Warning:  unlink(/Library/WebServer/Documents/opencart/system/storage/modification/system/library/template/php.php): Permission denied in /Library/WebServer/Documents/opencart/admin/controller/extension/modification.php on line 101
2020-09-02 17:39:45 - PHP Warning:  rmdir(/Library/WebServer/Documents/opencart/system/storage/modification/system/library/template): Permission denied in /Library/WebServer/Documents/opencart/admin/controller/extension/modification.php on line 105
2020-09-02 17:39:45 - PHP Warning:  unlink(/Library/WebServer/Documents/opencart/system/storage/modification/system/library/language.php): Permission denied in /Library/WebServer/Documents/opencart/admin/controller/extension/modification.php on line 101
2020-09-02 17:39:45 - PHP Warning:  unlink(/Library/WebServer/Documents/opencart/system/storage/modification/system/library/config.php): Permission denied in /Library/WebServer/Documents/opencart/admin/controller/extension/modification.php on line 101
2020-09-02 17:39:45 - PHP Warning:  rmdir(/Library/WebServer/Documents/opencart/system/storage/modification/system/library): Permission denied in /Library/WebServer/Documents/opencart/admin/controller/extension/modification.php on line 105
2020-09-02 17:39:45 - PHP Warning:  unlink(/Library/WebServer/Documents/opencart/system/storage/modification/system/engine/loader.php): Permission denied in /Library/WebServer/Documents/opencart/admin/controller/extension/modification.php on line 101
2020-09-02 17:39:45 - PHP Warning:  unlink(/Library/WebServer/Documents/opencart/system/storage/modification/system/engine/action.php): Permission denied in /Library/WebServer/Documents/opencart/admin/controller/extension/modification.php on line 101
2020-09-02 17:39:45 - PHP Warning:  rmdir(/Library/WebServer/Documents/opencart/system/storage/modification/system/engine): Permission denied in /Library/WebServer/Documents/opencart/admin/controller/extension/modification.php on line 105
2020-09-02 17:39:45 - PHP Warning:  rmdir(/Library/WebServer/Documents/opencart/system/storage/modification/system): Directory not empty in /Library/WebServer/Documents/opencart/admin/controller/extension/modification.php on line 105
2020-09-02 17:39:45 - PHP Warning:  fopen(/Library/WebServer/Documents/opencart/system/storage/logs/ocmod.log): failed to open stream: Permission denied in /Library/WebServer/Documents/opencart/system/library/log.php on line 6
2020-09-02 17:39:45 - PHP Warning:  fwrite() expects parameter 1 to be resource, boolean given in /Library/WebServer/Documents/opencart/system/library/log.php on line 10
2020-09-02 17:39:45 - PHP Warning:  fopen(/Library/WebServer/Documents/opencart/system/storage/modification/system/engine/action.php): failed to open stream: Permission denied in /Library/WebServer/Documents/opencart/admin/controller/extension/modification.php on line 414
2020-09-02 17:39:45 - PHP Warning:  fwrite() expects parameter 1 to be resource, boolean given in /Library/WebServer/Documents/opencart/admin/controller/extension/modification.php on line 416
2020-09-02 17:39:45 - PHP Warning:  fclose() expects parameter 1 to be resource, boolean given in /Library/WebServer/Documents/opencart/admin/controller/extension/modification.php on line 418
2020-09-02 17:39:45 - PHP Warning:  fopen(/Library/WebServer/Documents/opencart/system/storage/modification/system/engine/loader.php): failed to open stream: Permission denied in /Library/WebServer/Documents/opencart/admin/controller/extension/modification.php on line 414
2020-09-02 17:39:45 - PHP Warning:  fwrite() expects parameter 1 to be resource, boolean given in /Library/WebServer/Documents/opencart/admin/controller/extension/modification.php on line 416
2020-09-02 17:39:45 - PHP Warning:  fclose() expects parameter 1 to be resource, boolean given in /Library/WebServer/Documents/opencart/admin/controller/extension/modification.php on line 418
2020-09-02 17:39:45 - PHP Warning:  fopen(/Library/WebServer/Documents/opencart/system/storage/modification/system/library/config.php): failed to open stream: Permission denied in /Library/WebServer/Documents/opencart/admin/controller/extension/modification.php on line 414
2020-09-02 17:39:45 - PHP Warning:  fwrite() expects parameter 1 to be resource, boolean given in /Library/WebServer/Documents/opencart/admin/controller/extension/modification.php on line 416
2020-09-02 17:39:45 - PHP Warning:  fclose() expects parameter 1 to be resource, boolean given in /Library/WebServer/Documents/opencart/admin/controller/extension/modification.php on line 418
2020-09-02 17:39:45 - PHP Warning:  fopen(/Library/WebServer/Documents/opencart/system/storage/modification/system/library/language.php): failed to open stream: Permission denied in /Library/WebServer/Documents/opencart/admin/controller/extension/modification.php on line 414
2020-09-02 17:39:45 - PHP Warning:  fwrite() expects parameter 1 to be resource, boolean given in /Library/WebServer/Documents/opencart/admin/controller/extension/modification.php on line 416
2020-09-02 17:39:45 - PHP Warning:  fclose() expects parameter 1 to be resource, boolean given in /Library/WebServer/Documents/opencart/admin/controller/extension/modification.php on line 418
2020-09-02 17:39:45 - PHP Warning:  fopen(/Library/WebServer/Documents/opencart/system/storage/modification/system/library/template/php.php): failed to open stream: Permission denied in /Library/WebServer/Documents/opencart/admin/controller/extension/modification.php on line 414
2020-09-02 17:39:45 - PHP Warning:  fwrite() expects parameter 1 to be resource, boolean given in /Library/WebServer/Documents/opencart/admin/controller/extension/modification.php on line 416
2020-09-02 17:39:45 - PHP Warning:  fclose() expects parameter 1 to be resource, boolean given in /Library/WebServer/Documents/opencart/admin/controller/extension/modification.php on line 418
2020-09-02 17:39:45 - PHP Warning:  fopen(/Library/WebServer/Documents/opencart/system/storage/modification/system/library/template/tiwg.php): failed to open stream: Permission denied in /Library/WebServer/Documents/opencart/admin/controller/extension/modification.php on line 414
2020-09-02 17:39:45 - PHP Warning:  fwrite() expects parameter 1 to be resource, boolean given in /Library/WebServer/Documents/opencart/admin/controller/extension/modification.php on line 416
2020-09-02 17:39:45 - PHP Warning:  fclose() expects parameter 1 to be resource, boolean given in /Library/WebServer/Documents/opencart/admin/controller/extension/modification.php on line 418
2020-09-02 17:39:45 - PHP Warning:  fclose() expects parameter 1 to be resource, boolean given in /Library/WebServer/Documents/opencart/system/library/log.php on line 14
2020-09-02 17:46:54 - PHP Warning:  unlink(/Library/WebServer/Documents/opencart/system/storage/modification/system/library/template/tiwg.php): Permission denied in /Library/WebServer/Documents/opencart/admin/controller/extension/modification.php on line 101
2020-09-02 17:46:54 - PHP Warning:  unlink(/Library/WebServer/Documents/opencart/system/storage/modification/system/library/template/php.php): Permission denied in /Library/WebServer/Documents/opencart/admin/controller/extension/modification.php on line 101
2020-09-02 17:46:54 - PHP Warning:  rmdir(/Library/WebServer/Documents/opencart/system/storage/modification/system/library/template): Permission denied in /Library/WebServer/Documents/opencart/admin/controller/extension/modification.php on line 105
2020-09-02 17:46:54 - PHP Warning:  unlink(/Library/WebServer/Documents/opencart/system/storage/modification/system/library/language.php): Permission denied in /Library/WebServer/Documents/opencart/admin/controller/extension/modification.php on line 101
2020-09-02 17:46:54 - PHP Warning:  unlink(/Library/WebServer/Documents/opencart/system/storage/modification/system/library/config.php): Permission denied in /Library/WebServer/Documents/opencart/admin/controller/extension/modification.php on line 101
2020-09-02 17:46:54 - PHP Warning:  rmdir(/Library/WebServer/Documents/opencart/system/storage/modification/system/library): Permission denied in /Library/WebServer/Documents/opencart/admin/controller/extension/modification.php on line 105
2020-09-02 17:46:54 - PHP Warning:  unlink(/Library/WebServer/Documents/opencart/system/storage/modification/system/engine/loader.php): Permission denied in /Library/WebServer/Documents/opencart/admin/controller/extension/modification.php on line 101
2020-09-02 17:46:54 - PHP Warning:  unlink(/Library/WebServer/Documents/opencart/system/storage/modification/system/engine/action.php): Permission denied in /Library/WebServer/Documents/opencart/admin/controller/extension/modification.php on line 101
2020-09-02 17:46:54 - PHP Warning:  rmdir(/Library/WebServer/Documents/opencart/system/storage/modification/system/engine): Permission denied in /Library/WebServer/Documents/opencart/admin/controller/extension/modification.php on line 105
2020-09-02 17:46:54 - PHP Warning:  rmdir(/Library/WebServer/Documents/opencart/system/storage/modification/system): Directory not empty in /Library/WebServer/Documents/opencart/admin/controller/extension/modification.php on line 105
2020-09-02 17:46:54 - PHP Warning:  fopen(/Library/WebServer/Documents/opencart/system/storage/logs/ocmod.log): failed to open stream: Permission denied in /Library/WebServer/Documents/opencart/system/library/log.php on line 6
2020-09-02 17:46:54 - PHP Warning:  fwrite() expects parameter 1 to be resource, boolean given in /Library/WebServer/Documents/opencart/system/library/log.php on line 10
2020-09-02 17:46:54 - PHP Warning:  fopen(/Library/WebServer/Documents/opencart/system/storage/modification/system/engine/action.php): failed to open stream: Permission denied in /Library/WebServer/Documents/opencart/admin/controller/extension/modification.php on line 414
2020-09-02 17:46:54 - PHP Warning:  fwrite() expects parameter 1 to be resource, boolean given in /Library/WebServer/Documents/opencart/admin/controller/extension/modification.php on line 416
2020-09-02 17:46:54 - PHP Warning:  fclose() expects parameter 1 to be resource, boolean given in /Library/WebServer/Documents/opencart/admin/controller/extension/modification.php on line 418
2020-09-02 17:46:54 - PHP Warning:  fopen(/Library/WebServer/Documents/opencart/system/storage/modification/system/engine/loader.php): failed to open stream: Permission denied in /Library/WebServer/Documents/opencart/admin/controller/extension/modification.php on line 414
2020-09-02 17:46:54 - PHP Warning:  fwrite() expects parameter 1 to be resource, boolean given in /Library/WebServer/Documents/opencart/admin/controller/extension/modification.php on line 416
2020-09-02 17:46:54 - PHP Warning:  fclose() expects parameter 1 to be resource, boolean given in /Library/WebServer/Documents/opencart/admin/controller/extension/modification.php on line 418
2020-09-02 17:46:54 - PHP Warning:  fopen(/Library/WebServer/Documents/opencart/system/storage/modification/system/library/config.php): failed to open stream: Permission denied in /Library/WebServer/Documents/opencart/admin/controller/extension/modification.php on line 414
2020-09-02 17:46:54 - PHP Warning:  fwrite() expects parameter 1 to be resource, boolean given in /Library/WebServer/Documents/opencart/admin/controller/extension/modification.php on line 416
2020-09-02 17:46:54 - PHP Warning:  fclose() expects parameter 1 to be resource, boolean given in /Library/WebServer/Documents/opencart/admin/controller/extension/modification.php on line 418
2020-09-02 17:46:54 - PHP Warning:  fopen(/Library/WebServer/Documents/opencart/system/storage/modification/system/library/language.php): failed to open stream: Permission denied in /Library/WebServer/Documents/opencart/admin/controller/extension/modification.php on line 414
2020-09-02 17:46:54 - PHP Warning:  fwrite() expects parameter 1 to be resource, boolean given in /Library/WebServer/Documents/opencart/admin/controller/extension/modification.php on line 416
2020-09-02 17:46:54 - PHP Warning:  fclose() expects parameter 1 to be resource, boolean given in /Library/WebServer/Documents/opencart/admin/controller/extension/modification.php on line 418
2020-09-02 17:46:54 - PHP Warning:  fopen(/Library/WebServer/Documents/opencart/system/storage/modification/system/library/template/php.php): failed to open stream: Permission denied in /Library/WebServer/Documents/opencart/admin/controller/extension/modification.php on line 414
2020-09-02 17:46:54 - PHP Warning:  fwrite() expects parameter 1 to be resource, boolean given in /Library/WebServer/Documents/opencart/admin/controller/extension/modification.php on line 416
2020-09-02 17:46:54 - PHP Warning:  fclose() expects parameter 1 to be resource, boolean given in /Library/WebServer/Documents/opencart/admin/controller/extension/modification.php on line 418
2020-09-02 17:46:54 - PHP Warning:  fopen(/Library/WebServer/Documents/opencart/system/storage/modification/system/library/template/tiwg.php): failed to open stream: Permission denied in /Library/WebServer/Documents/opencart/admin/controller/extension/modification.php on line 414
2020-09-02 17:46:54 - PHP Warning:  fwrite() expects parameter 1 to be resource, boolean given in /Library/WebServer/Documents/opencart/admin/controller/extension/modification.php on line 416
2020-09-02 17:46:54 - PHP Warning:  fclose() expects parameter 1 to be resource, boolean given in /Library/WebServer/Documents/opencart/admin/controller/extension/modification.php on line 418
2020-09-02 17:46:54 - PHP Warning:  fclose() expects parameter 1 to be resource, boolean given in /Library/WebServer/Documents/opencart/system/library/log.php on line 14
2020-09-02 17:49:50 - PHP Warning:  unlink(/Library/WebServer/Documents/opencart/system/storage/modification/system/library/template/tiwg.php): Permission denied in /Library/WebServer/Documents/opencart/admin/controller/extension/modification.php on line 101
2020-09-02 17:49:50 - PHP Warning:  unlink(/Library/WebServer/Documents/opencart/system/storage/modification/system/library/template/php.php): Permission denied in /Library/WebServer/Documents/opencart/admin/controller/extension/modification.php on line 101
2020-09-02 17:49:50 - PHP Warning:  rmdir(/Library/WebServer/Documents/opencart/system/storage/modification/system/library/template): Permission denied in /Library/WebServer/Documents/opencart/admin/controller/extension/modification.php on line 105
2020-09-02 17:49:50 - PHP Warning:  unlink(/Library/WebServer/Documents/opencart/system/storage/modification/system/library/language.php): Permission denied in /Library/WebServer/Documents/opencart/admin/controller/extension/modification.php on line 101
2020-09-02 17:49:50 - PHP Warning:  unlink(/Library/WebServer/Documents/opencart/system/storage/modification/system/library/config.php): Permission denied in /Library/WebServer/Documents/opencart/admin/controller/extension/modification.php on line 101
2020-09-02 17:49:50 - PHP Warning:  rmdir(/Library/WebServer/Documents/opencart/system/storage/modification/system/library): Permission denied in /Library/WebServer/Documents/opencart/admin/controller/extension/modification.php on line 105
2020-09-02 17:49:50 - PHP Warning:  unlink(/Library/WebServer/Documents/opencart/system/storage/modification/system/engine/loader.php): Permission denied in /Library/WebServer/Documents/opencart/admin/controller/extension/modification.php on line 101
2020-09-02 17:49:50 - PHP Warning:  unlink(/Library/WebServer/Documents/opencart/system/storage/modification/system/engine/action.php): Permission denied in /Library/WebServer/Documents/opencart/admin/controller/extension/modification.php on line 101
2020-09-02 17:49:50 - PHP Warning:  rmdir(/Library/WebServer/Documents/opencart/system/storage/modification/system/engine): Permission denied in /Library/WebServer/Documents/opencart/admin/controller/extension/modification.php on line 105
2020-09-02 17:49:50 - PHP Warning:  rmdir(/Library/WebServer/Documents/opencart/system/storage/modification/system): Directory not empty in /Library/WebServer/Documents/opencart/admin/controller/extension/modification.php on line 105
2020-09-02 17:49:50 - PHP Warning:  fopen(/Library/WebServer/Documents/opencart/system/storage/logs/ocmod.log): failed to open stream: Permission denied in /Library/WebServer/Documents/opencart/system/library/log.php on line 6
2020-09-02 17:49:50 - PHP Warning:  fwrite() expects parameter 1 to be resource, boolean given in /Library/WebServer/Documents/opencart/system/library/log.php on line 10
2020-09-02 17:49:50 - PHP Warning:  fopen(/Library/WebServer/Documents/opencart/system/storage/modification/system/engine/action.php): failed to open stream: Permission denied in /Library/WebServer/Documents/opencart/admin/controller/extension/modification.php on line 414
2020-09-02 17:49:50 - PHP Warning:  fwrite() expects parameter 1 to be resource, boolean given in /Library/WebServer/Documents/opencart/admin/controller/extension/modification.php on line 416
2020-09-02 17:49:50 - PHP Warning:  fclose() expects parameter 1 to be resource, boolean given in /Library/WebServer/Documents/opencart/admin/controller/extension/modification.php on line 418
2020-09-02 17:49:50 - PHP Warning:  fopen(/Library/WebServer/Documents/opencart/system/storage/modification/system/engine/loader.php): failed to open stream: Permission denied in /Library/WebServer/Documents/opencart/admin/controller/extension/modification.php on line 414
2020-09-02 17:49:50 - PHP Warning:  fwrite() expects parameter 1 to be resource, boolean given in /Library/WebServer/Documents/opencart/admin/controller/extension/modification.php on line 416
2020-09-02 17:49:50 - PHP Warning:  fclose() expects parameter 1 to be resource, boolean given in /Library/WebServer/Documents/opencart/admin/controller/extension/modification.php on line 418
2020-09-02 17:49:50 - PHP Warning:  fopen(/Library/WebServer/Documents/opencart/system/storage/modification/system/library/config.php): failed to open stream: Permission denied in /Library/WebServer/Documents/opencart/admin/controller/extension/modification.php on line 414
2020-09-02 17:49:50 - PHP Warning:  fwrite() expects parameter 1 to be resource, boolean given in /Library/WebServer/Documents/opencart/admin/controller/extension/modification.php on line 416
2020-09-02 17:49:50 - PHP Warning:  fclose() expects parameter 1 to be resource, boolean given in /Library/WebServer/Documents/opencart/admin/controller/extension/modification.php on line 418
2020-09-02 17:49:50 - PHP Warning:  fopen(/Library/WebServer/Documents/opencart/system/storage/modification/system/library/language.php): failed to open stream: Permission denied in /Library/WebServer/Documents/opencart/admin/controller/extension/modification.php on line 414
2020-09-02 17:49:50 - PHP Warning:  fwrite() expects parameter 1 to be resource, boolean given in /Library/WebServer/Documents/opencart/admin/controller/extension/modification.php on line 416
2020-09-02 17:49:50 - PHP Warning:  fclose() expects parameter 1 to be resource, boolean given in /Library/WebServer/Documents/opencart/admin/controller/extension/modification.php on line 418
2020-09-02 17:49:50 - PHP Warning:  fopen(/Library/WebServer/Documents/opencart/system/storage/modification/system/library/template/php.php): failed to open stream: Permission denied in /Library/WebServer/Documents/opencart/admin/controller/extension/modification.php on line 414
2020-09-02 17:49:50 - PHP Warning:  fwrite() expects parameter 1 to be resource, boolean given in /Library/WebServer/Documents/opencart/admin/controller/extension/modification.php on line 416
2020-09-02 17:49:50 - PHP Warning:  fclose() expects parameter 1 to be resource, boolean given in /Library/WebServer/Documents/opencart/admin/controller/extension/modification.php on line 418
2020-09-02 17:49:50 - PHP Warning:  fopen(/Library/WebServer/Documents/opencart/system/storage/modification/system/library/template/tiwg.php): failed to open stream: Permission denied in /Library/WebServer/Documents/opencart/admin/controller/extension/modification.php on line 414
2020-09-02 17:49:50 - PHP Warning:  fwrite() expects parameter 1 to be resource, boolean given in /Library/WebServer/Documents/opencart/admin/controller/extension/modification.php on line 416
2020-09-02 17:49:50 - PHP Warning:  fclose() expects parameter 1 to be resource, boolean given in /Library/WebServer/Documents/opencart/admin/controller/extension/modification.php on line 418
2020-09-02 17:49:50 - PHP Warning:  fclose() expects parameter 1 to be resource, boolean given in /Library/WebServer/Documents/opencart/system/library/log.php on line 14
2020-09-02 17:50:05 - PHP Warning:  unlink(/Library/WebServer/Documents/opencart/system/storage/modification/system/library/template/tiwg.php): Permission denied in /Library/WebServer/Documents/opencart/admin/controller/extension/modification.php on line 486
2020-09-02 17:50:05 - PHP Warning:  unlink(/Library/WebServer/Documents/opencart/system/storage/modification/system/library/template/php.php): Permission denied in /Library/WebServer/Documents/opencart/admin/controller/extension/modification.php on line 486
2020-09-02 17:50:05 - PHP Warning:  rmdir(/Library/WebServer/Documents/opencart/system/storage/modification/system/library/template): Permission denied in /Library/WebServer/Documents/opencart/admin/controller/extension/modification.php on line 490
2020-09-02 17:50:05 - PHP Warning:  unlink(/Library/WebServer/Documents/opencart/system/storage/modification/system/library/language.php): Permission denied in /Library/WebServer/Documents/opencart/admin/controller/extension/modification.php on line 486
2020-09-02 17:50:05 - PHP Warning:  unlink(/Library/WebServer/Documents/opencart/system/storage/modification/system/library/config.php): Permission denied in /Library/WebServer/Documents/opencart/admin/controller/extension/modification.php on line 486
2020-09-02 17:50:05 - PHP Warning:  rmdir(/Library/WebServer/Documents/opencart/system/storage/modification/system/library): Permission denied in /Library/WebServer/Documents/opencart/admin/controller/extension/modification.php on line 490
2020-09-02 17:50:05 - PHP Warning:  unlink(/Library/WebServer/Documents/opencart/system/storage/modification/system/engine/loader.php): Permission denied in /Library/WebServer/Documents/opencart/admin/controller/extension/modification.php on line 486
2020-09-02 17:50:05 - PHP Warning:  unlink(/Library/WebServer/Documents/opencart/system/storage/modification/system/engine/action.php): Permission denied in /Library/WebServer/Documents/opencart/admin/controller/extension/modification.php on line 486
2020-09-02 17:50:05 - PHP Warning:  rmdir(/Library/WebServer/Documents/opencart/system/storage/modification/system/engine): Permission denied in /Library/WebServer/Documents/opencart/admin/controller/extension/modification.php on line 490
2020-09-02 17:50:05 - PHP Warning:  rmdir(/Library/WebServer/Documents/opencart/system/storage/modification/system): Directory not empty in /Library/WebServer/Documents/opencart/admin/controller/extension/modification.php on line 490
2020-09-02 17:50:07 - PHP Warning:  unlink(/Library/WebServer/Documents/opencart/system/storage/modification/system/library/template/tiwg.php): Permission denied in /Library/WebServer/Documents/opencart/admin/controller/extension/modification.php on line 101
2020-09-02 17:50:07 - PHP Warning:  unlink(/Library/WebServer/Documents/opencart/system/storage/modification/system/library/template/php.php): Permission denied in /Library/WebServer/Documents/opencart/admin/controller/extension/modification.php on line 101
2020-09-02 17:50:07 - PHP Warning:  rmdir(/Library/WebServer/Documents/opencart/system/storage/modification/system/library/template): Permission denied in /Library/WebServer/Documents/opencart/admin/controller/extension/modification.php on line 105
2020-09-02 17:50:07 - PHP Warning:  unlink(/Library/WebServer/Documents/opencart/system/storage/modification/system/library/language.php): Permission denied in /Library/WebServer/Documents/opencart/admin/controller/extension/modification.php on line 101
2020-09-02 17:50:07 - PHP Warning:  unlink(/Library/WebServer/Documents/opencart/system/storage/modification/system/library/config.php): Permission denied in /Library/WebServer/Documents/opencart/admin/controller/extension/modification.php on line 101
2020-09-02 17:50:07 - PHP Warning:  rmdir(/Library/WebServer/Documents/opencart/system/storage/modification/system/library): Permission denied in /Library/WebServer/Documents/opencart/admin/controller/extension/modification.php on line 105
2020-09-02 17:50:07 - PHP Warning:  unlink(/Library/WebServer/Documents/opencart/system/storage/modification/system/engine/loader.php): Permission denied in /Library/WebServer/Documents/opencart/admin/controller/extension/modification.php on line 101
2020-09-02 17:50:07 - PHP Warning:  unlink(/Library/WebServer/Documents/opencart/system/storage/modification/system/engine/action.php): Permission denied in /Library/WebServer/Documents/opencart/admin/controller/extension/modification.php on line 101
2020-09-02 17:50:07 - PHP Warning:  rmdir(/Library/WebServer/Documents/opencart/system/storage/modification/system/engine): Permission denied in /Library/WebServer/Documents/opencart/admin/controller/extension/modification.php on line 105
2020-09-02 17:50:07 - PHP Warning:  rmdir(/Library/WebServer/Documents/opencart/system/storage/modification/system): Directory not empty in /Library/WebServer/Documents/opencart/admin/controller/extension/modification.php on line 105
2020-09-02 17:50:07 - PHP Warning:  fopen(/Library/WebServer/Documents/opencart/system/storage/logs/ocmod.log): failed to open stream: Permission denied in /Library/WebServer/Documents/opencart/system/library/log.php on line 6
2020-09-02 17:50:07 - PHP Warning:  fwrite() expects parameter 1 to be resource, boolean given in /Library/WebServer/Documents/opencart/system/library/log.php on line 10
2020-09-02 17:50:07 - PHP Warning:  fopen(/Library/WebServer/Documents/opencart/system/storage/modification/system/engine/action.php): failed to open stream: Permission denied in /Library/WebServer/Documents/opencart/admin/controller/extension/modification.php on line 414
2020-09-02 17:50:07 - PHP Warning:  fwrite() expects parameter 1 to be resource, boolean given in /Library/WebServer/Documents/opencart/admin/controller/extension/modification.php on line 416
2020-09-02 17:50:07 - PHP Warning:  fclose() expects parameter 1 to be resource, boolean given in /Library/WebServer/Documents/opencart/admin/controller/extension/modification.php on line 418
2020-09-02 17:50:07 - PHP Warning:  fopen(/Library/WebServer/Documents/opencart/system/storage/modification/system/engine/loader.php): failed to open stream: Permission denied in /Library/WebServer/Documents/opencart/admin/controller/extension/modification.php on line 414
2020-09-02 17:50:07 - PHP Warning:  fwrite() expects parameter 1 to be resource, boolean given in /Library/WebServer/Documents/opencart/admin/controller/extension/modification.php on line 416
2020-09-02 17:50:07 - PHP Warning:  fclose() expects parameter 1 to be resource, boolean given in /Library/WebServer/Documents/opencart/admin/controller/extension/modification.php on line 418
2020-09-02 17:50:07 - PHP Warning:  fopen(/Library/WebServer/Documents/opencart/system/storage/modification/system/library/config.php): failed to open stream: Permission denied in /Library/WebServer/Documents/opencart/admin/controller/extension/modification.php on line 414
2020-09-02 17:50:07 - PHP Warning:  fwrite() expects parameter 1 to be resource, boolean given in /Library/WebServer/Documents/opencart/admin/controller/extension/modification.php on line 416
2020-09-02 17:50:07 - PHP Warning:  fclose() expects parameter 1 to be resource, boolean given in /Library/WebServer/Documents/opencart/admin/controller/extension/modification.php on line 418
2020-09-02 17:50:07 - PHP Warning:  fopen(/Library/WebServer/Documents/opencart/system/storage/modification/system/library/language.php): failed to open stream: Permission denied in /Library/WebServer/Documents/opencart/admin/controller/extension/modification.php on line 414
2020-09-02 17:50:07 - PHP Warning:  fwrite() expects parameter 1 to be resource, boolean given in /Library/WebServer/Documents/opencart/admin/controller/extension/modification.php on line 416
2020-09-02 17:50:07 - PHP Warning:  fclose() expects parameter 1 to be resource, boolean given in /Library/WebServer/Documents/opencart/admin/controller/extension/modification.php on line 418
2020-09-02 17:50:07 - PHP Warning:  fopen(/Library/WebServer/Documents/opencart/system/storage/modification/system/library/template/php.php): failed to open stream: Permission denied in /Library/WebServer/Documents/opencart/admin/controller/extension/modification.php on line 414
2020-09-02 17:50:07 - PHP Warning:  fwrite() expects parameter 1 to be resource, boolean given in /Library/WebServer/Documents/opencart/admin/controller/extension/modification.php on line 416
2020-09-02 17:50:07 - PHP Warning:  fclose() expects parameter 1 to be resource, boolean given in /Library/WebServer/Documents/opencart/admin/controller/extension/modification.php on line 418
2020-09-02 17:50:07 - PHP Warning:  fopen(/Library/WebServer/Documents/opencart/system/storage/modification/system/library/template/tiwg.php): failed to open stream: Permission denied in /Library/WebServer/Documents/opencart/admin/controller/extension/modification.php on line 414
2020-09-02 17:50:07 - PHP Warning:  fwrite() expects parameter 1 to be resource, boolean given in /Library/WebServer/Documents/opencart/admin/controller/extension/modification.php on line 416
2020-09-02 17:50:07 - PHP Warning:  fclose() expects parameter 1 to be resource, boolean given in /Library/WebServer/Documents/opencart/admin/controller/extension/modification.php on line 418
2020-09-02 17:50:07 - PHP Warning:  fclose() expects parameter 1 to be resource, boolean given in /Library/WebServer/Documents/opencart/system/library/log.php on line 14
2020-09-02 17:52:53 - PHP Warning:  unlink(/Library/WebServer/Documents/opencart/system/storage/modification/system/library/template/tiwg.php): Permission denied in /Library/WebServer/Documents/opencart/admin/controller/extension/modification.php on line 101
2020-09-02 17:52:53 - PHP Warning:  unlink(/Library/WebServer/Documents/opencart/system/storage/modification/system/library/template/php.php): Permission denied in /Library/WebServer/Documents/opencart/admin/controller/extension/modification.php on line 101
2020-09-02 17:52:53 - PHP Warning:  rmdir(/Library/WebServer/Documents/opencart/system/storage/modification/system/library/template): Permission denied in /Library/WebServer/Documents/opencart/admin/controller/extension/modification.php on line 105
2020-09-02 17:52:53 - PHP Warning:  unlink(/Library/WebServer/Documents/opencart/system/storage/modification/system/library/language.php): Permission denied in /Library/WebServer/Documents/opencart/admin/controller/extension/modification.php on line 101
2020-09-02 17:52:53 - PHP Warning:  unlink(/Library/WebServer/Documents/opencart/system/storage/modification/system/library/config.php): Permission denied in /Library/WebServer/Documents/opencart/admin/controller/extension/modification.php on line 101
2020-09-02 17:52:53 - PHP Warning:  rmdir(/Library/WebServer/Documents/opencart/system/storage/modification/system/library): Permission denied in /Library/WebServer/Documents/opencart/admin/controller/extension/modification.php on line 105
2020-09-02 17:52:53 - PHP Warning:  unlink(/Library/WebServer/Documents/opencart/system/storage/modification/system/engine/loader.php): Permission denied in /Library/WebServer/Documents/opencart/admin/controller/extension/modification.php on line 101
2020-09-02 17:52:53 - PHP Warning:  unlink(/Library/WebServer/Documents/opencart/system/storage/modification/system/engine/action.php): Permission denied in /Library/WebServer/Documents/opencart/admin/controller/extension/modification.php on line 101
2020-09-02 17:52:53 - PHP Warning:  rmdir(/Library/WebServer/Documents/opencart/system/storage/modification/system/engine): Permission denied in /Library/WebServer/Documents/opencart/admin/controller/extension/modification.php on line 105
2020-09-02 17:52:53 - PHP Warning:  rmdir(/Library/WebServer/Documents/opencart/system/storage/modification/system): Directory not empty in /Library/WebServer/Documents/opencart/admin/controller/extension/modification.php on line 105
2020-09-02 17:52:53 - PHP Warning:  fopen(/Library/WebServer/Documents/opencart/system/storage/logs/ocmod.log): failed to open stream: Permission denied in /Library/WebServer/Documents/opencart/system/library/log.php on line 6
2020-09-02 17:52:53 - PHP Warning:  fwrite() expects parameter 1 to be resource, boolean given in /Library/WebServer/Documents/opencart/system/library/log.php on line 10
2020-09-02 17:52:53 - PHP Warning:  fopen(/Library/WebServer/Documents/opencart/system/storage/modification/system/engine/action.php): failed to open stream: Permission denied in /Library/WebServer/Documents/opencart/admin/controller/extension/modification.php on line 414
2020-09-02 17:52:53 - PHP Warning:  fwrite() expects parameter 1 to be resource, boolean given in /Library/WebServer/Documents/opencart/admin/controller/extension/modification.php on line 416
2020-09-02 17:52:53 - PHP Warning:  fclose() expects parameter 1 to be resource, boolean given in /Library/WebServer/Documents/opencart/admin/controller/extension/modification.php on line 418
2020-09-02 17:52:53 - PHP Warning:  fopen(/Library/WebServer/Documents/opencart/system/storage/modification/system/engine/loader.php): failed to open stream: Permission denied in /Library/WebServer/Documents/opencart/admin/controller/extension/modification.php on line 414
2020-09-02 17:52:53 - PHP Warning:  fwrite() expects parameter 1 to be resource, boolean given in /Library/WebServer/Documents/opencart/admin/controller/extension/modification.php on line 416
2020-09-02 17:52:53 - PHP Warning:  fclose() expects parameter 1 to be resource, boolean given in /Library/WebServer/Documents/opencart/admin/controller/extension/modification.php on line 418
2020-09-02 17:52:53 - PHP Warning:  fopen(/Library/WebServer/Documents/opencart/system/storage/modification/system/library/config.php): failed to open stream: Permission denied in /Library/WebServer/Documents/opencart/admin/controller/extension/modification.php on line 414
2020-09-02 17:52:53 - PHP Warning:  fwrite() expects parameter 1 to be resource, boolean given in /Library/WebServer/Documents/opencart/admin/controller/extension/modification.php on line 416
2020-09-02 17:52:53 - PHP Warning:  fclose() expects parameter 1 to be resource, boolean given in /Library/WebServer/Documents/opencart/admin/controller/extension/modification.php on line 418
2020-09-02 17:52:53 - PHP Warning:  fopen(/Library/WebServer/Documents/opencart/system/storage/modification/system/library/language.php): failed to open stream: Permission denied in /Library/WebServer/Documents/opencart/admin/controller/extension/modification.php on line 414
2020-09-02 17:52:53 - PHP Warning:  fwrite() expects parameter 1 to be resource, boolean given in /Library/WebServer/Documents/opencart/admin/controller/extension/modification.php on line 416
2020-09-02 17:52:53 - PHP Warning:  fclose() expects parameter 1 to be resource, boolean given in /Library/WebServer/Documents/opencart/admin/controller/extension/modification.php on line 418
2020-09-02 17:52:53 - PHP Warning:  fopen(/Library/WebServer/Documents/opencart/system/storage/modification/system/library/template/php.php): failed to open stream: Permission denied in /Library/WebServer/Documents/opencart/admin/controller/extension/modification.php on line 414
2020-09-02 17:52:53 - PHP Warning:  fwrite() expects parameter 1 to be resource, boolean given in /Library/WebServer/Documents/opencart/admin/controller/extension/modification.php on line 416
2020-09-02 17:52:53 - PHP Warning:  fclose() expects parameter 1 to be resource, boolean given in /Library/WebServer/Documents/opencart/admin/controller/extension/modification.php on line 418
2020-09-02 17:52:53 - PHP Warning:  fopen(/Library/WebServer/Documents/opencart/system/storage/modification/system/library/template/tiwg.php): failed to open stream: Permission denied in /Library/WebServer/Documents/opencart/admin/controller/extension/modification.php on line 414
2020-09-02 17:52:53 - PHP Warning:  fwrite() expects parameter 1 to be resource, boolean given in /Library/WebServer/Documents/opencart/admin/controller/extension/modification.php on line 416
2020-09-02 17:52:53 - PHP Warning:  fclose() expects parameter 1 to be resource, boolean given in /Library/WebServer/Documents/opencart/admin/controller/extension/modification.php on line 418
2020-09-02 17:52:53 - PHP Warning:  fclose() expects parameter 1 to be resource, boolean given in /Library/WebServer/Documents/opencart/system/library/log.php on line 14
2020-09-03 6:48:50 - PHP Notice:  Undefined variable: entry_date_added_start in /Library/WebServer/Documents/opencart/system/storage/modification/admin/view/template/sale/order_list.tpl on line 98
2020-09-03 6:48:50 - PHP Notice:  Undefined variable: filter_date_added_start in /Library/WebServer/Documents/opencart/system/storage/modification/admin/view/template/sale/order_list.tpl on line 100
2020-09-03 6:48:50 - PHP Notice:  Undefined variable: entry_date_added_start in /Library/WebServer/Documents/opencart/system/storage/modification/admin/view/template/sale/order_list.tpl on line 100
2020-09-03 6:48:50 - PHP Notice:  Undefined variable: entry_date_added_end in /Library/WebServer/Documents/opencart/system/storage/modification/admin/view/template/sale/order_list.tpl on line 106
2020-09-03 6:48:50 - PHP Notice:  Undefined variable: filter_date_added_end in /Library/WebServer/Documents/opencart/system/storage/modification/admin/view/template/sale/order_list.tpl on line 108
2020-09-03 6:48:50 - PHP Notice:  Undefined variable: entry_date_added_end in /Library/WebServer/Documents/opencart/system/storage/modification/admin/view/template/sale/order_list.tpl on line 108
2020-09-03 6:55:44 - PHP Notice:  Undefined variable: filter_date_added_start in /Library/WebServer/Documents/opencart/system/storage/modification/admin/view/template/sale/order_list.tpl on line 100
2020-09-03 6:55:44 - PHP Notice:  Undefined variable: filter_date_added_end in /Library/WebServer/Documents/opencart/system/storage/modification/admin/view/template/sale/order_list.tpl on line 108
2020-09-03 6:58:10 - PHP Notice:  Undefined variable: filter_date_added_start in /Library/WebServer/Documents/opencart/system/storage/modification/admin/view/template/sale/order_list.tpl on line 100
2020-09-03 6:58:10 - PHP Notice:  Undefined variable: filter_date_added_end in /Library/WebServer/Documents/opencart/system/storage/modification/admin/view/template/sale/order_list.tpl on line 108
2020-09-03 6:59:28 - PHP Notice:  Undefined variable: filter_date_added_start in /Library/WebServer/Documents/opencart/system/storage/modification/admin/view/template/sale/order_list.tpl on line 100
2020-09-03 6:59:28 - PHP Notice:  Undefined variable: filter_date_added_end in /Library/WebServer/Documents/opencart/system/storage/modification/admin/view/template/sale/order_list.tpl on line 108
2020-09-03 6:59:29 - PHP Notice:  Undefined variable: filter_date_added_start in /Library/WebServer/Documents/opencart/system/storage/modification/admin/view/template/sale/order_list.tpl on line 100
2020-09-03 6:59:29 - PHP Notice:  Undefined variable: filter_date_added_end in /Library/WebServer/Documents/opencart/system/storage/modification/admin/view/template/sale/order_list.tpl on line 108
2020-09-03 6:59:41 - PHP Notice:  Undefined variable: filter_date_added_start in /Library/WebServer/Documents/opencart/system/storage/modification/admin/view/template/sale/order_list.tpl on line 100
2020-09-03 6:59:41 - PHP Notice:  Undefined variable: filter_date_added_end in /Library/WebServer/Documents/opencart/system/storage/modification/admin/view/template/sale/order_list.tpl on line 108
2020-09-03 6:59:50 - PHP Notice:  Undefined variable: filter_date_added_start in /Library/WebServer/Documents/opencart/system/storage/modification/admin/view/template/sale/order_list.tpl on line 100
2020-09-03 6:59:50 - PHP Notice:  Undefined variable: filter_date_added_end in /Library/WebServer/Documents/opencart/system/storage/modification/admin/view/template/sale/order_list.tpl on line 108
2020-09-03 7:00:52 - PHP Notice:  Undefined variable: filter_date_added_start in /Library/WebServer/Documents/opencart/system/storage/modification/admin/view/template/sale/order_list.tpl on line 100
2020-09-03 7:00:52 - PHP Notice:  Undefined variable: filter_date_added_end in /Library/WebServer/Documents/opencart/system/storage/modification/admin/view/template/sale/order_list.tpl on line 108
2020-09-03 7:00:56 - PHP Notice:  Undefined variable: filter_date_added_start in /Library/WebServer/Documents/opencart/system/storage/modification/admin/view/template/sale/order_list.tpl on line 100
2020-09-03 7:00:56 - PHP Notice:  Undefined variable: filter_date_added_end in /Library/WebServer/Documents/opencart/system/storage/modification/admin/view/template/sale/order_list.tpl on line 108
2020-09-03 7:00:56 - PHP Notice:  Undefined variable: filter_date_added_start in /Library/WebServer/Documents/opencart/system/storage/modification/admin/view/template/sale/order_list.tpl on line 100
2020-09-03 7:00:56 - PHP Notice:  Undefined variable: filter_date_added_end in /Library/WebServer/Documents/opencart/system/storage/modification/admin/view/template/sale/order_list.tpl on line 108
2020-09-03 7:00:57 - PHP Notice:  Undefined variable: filter_date_added_start in /Library/WebServer/Documents/opencart/system/storage/modification/admin/view/template/sale/order_list.tpl on line 100
2020-09-03 7:00:57 - PHP Notice:  Undefined variable: filter_date_added_end in /Library/WebServer/Documents/opencart/system/storage/modification/admin/view/template/sale/order_list.tpl on line 108
2020-09-03 7:00:57 - PHP Notice:  Undefined variable: filter_date_added_start in /Library/WebServer/Documents/opencart/system/storage/modification/admin/view/template/sale/order_list.tpl on line 100
2020-09-03 7:00:57 - PHP Notice:  Undefined variable: filter_date_added_end in /Library/WebServer/Documents/opencart/system/storage/modification/admin/view/template/sale/order_list.tpl on line 108
2020-09-03 7:07:14 - PHP Warning:  DOMDocument::loadXML(): AttValue: &quot; or ' expected in Entity, line: 53 in /Library/WebServer/Documents/opencart/admin/controller/extension/modification.php on line 143
2020-09-03 7:07:14 - PHP Warning:  DOMDocument::loadXML(): attributes construct error in Entity, line: 53 in /Library/WebServer/Documents/opencart/admin/controller/extension/modification.php on line 143
2020-09-03 7:07:14 - PHP Warning:  DOMDocument::loadXML(): Couldn't find end of Start Tag search line 53 in Entity, line: 53 in /Library/WebServer/Documents/opencart/admin/controller/extension/modification.php on line 143
2020-09-03 7:07:14 - PHP Warning:  DOMDocument::loadXML(): Opening and ending tag mismatch: operation line 52 and search in Entity, line: 53 in /Library/WebServer/Documents/opencart/admin/controller/extension/modification.php on line 143
2020-09-03 7:07:14 - PHP Warning:  DOMDocument::loadXML(): Opening and ending tag mismatch: file line 51 and operation in Entity, line: 59 in /Library/WebServer/Documents/opencart/admin/controller/extension/modification.php on line 143
2020-09-03 7:07:14 - PHP Warning:  DOMDocument::loadXML(): Opening and ending tag mismatch: modification line 2 and file in Entity, line: 60 in /Library/WebServer/Documents/opencart/admin/controller/extension/modification.php on line 143
2020-09-03 7:07:14 - PHP Warning:  DOMDocument::loadXML(): Extra content at the end of the document in Entity, line: 61 in /Library/WebServer/Documents/opencart/admin/controller/extension/modification.php on line 143
2020-09-03 7:07:14 - PHP Notice:  Trying to get property of non-object in /Library/WebServer/Documents/opencart/admin/controller/extension/modification.php on line 146
2020-09-03 7:17:51 - PHP Notice:  Undefined variable: filter_date_added_start in /Library/WebServer/Documents/opencart/system/storage/modification/admin/view/template/sale/order_list.tpl on line 100
2020-09-03 7:17:51 - PHP Notice:  Undefined variable: filter_date_added_end in /Library/WebServer/Documents/opencart/system/storage/modification/admin/view/template/sale/order_list.tpl on line 108
2020-09-03 8:06:31 - PHP Notice:  Undefined variable: filter_date_added_start in /Library/WebServer/Documents/opencart/system/storage/modification/admin/controller/sale/order.php on line 105
2020-09-03 8:06:31 - PHP Notice:  Undefined variable: filter_date_added_end in /Library/WebServer/Documents/opencart/system/storage/modification/admin/controller/sale/order.php on line 106
2020-09-03 8:06:57 - PHP Notice:  Undefined variable: filter_date_added_start in /Library/WebServer/Documents/opencart/system/storage/modification/admin/controller/sale/order.php on line 105
2020-09-03 8:06:57 - PHP Notice:  Undefined variable: filter_date_added_end in /Library/WebServer/Documents/opencart/system/storage/modification/admin/controller/sale/order.php on line 106
2020-09-03 8:23:56 - PHP Warning:  DOMDocument::loadXML(): Start tag expected, '&lt;' not found in Entity, line: 1 in /Library/WebServer/Documents/opencart/admin/controller/extension/modification.php on line 143
2020-09-03 8:23:56 - PHP Notice:  Trying to get property of non-object in /Library/WebServer/Documents/opencart/admin/controller/extension/modification.php on line 146
2020-09-03 8:46:46 - PHP Warning:  include(/Library/WebServer/Documents/opencart/system/PHPExcel/PHPExcel.php): failed to open stream: No such file or directory in /Library/WebServer/Documents/opencart/system/storage/modification/admin/controller/sale/order.php on line 126
2020-09-03 8:46:46 - PHP Warning:  include(): Failed opening '/Library/WebServer/Documents/opencart/system/PHPExcel/PHPExcel.php' for inclusion (include_path='.:/usr/local/php5/lib/php') in /Library/WebServer/Documents/opencart/system/storage/modification/admin/controller/sale/order.php on line 126
2020-09-03 10:06:45 - PHP Notice:  Undefined index: shipping_address_1 in /Library/WebServer/Documents/opencart/system/storage/modification/admin/controller/sale/order.php on line 200
2020-09-03 10:06:45 - PHP Notice:  Undefined index: shipping_address_2 in /Library/WebServer/Documents/opencart/system/storage/modification/admin/controller/sale/order.php on line 200
2020-09-03 10:06:45 - PHP Notice:  Undefined variable: firststyle in /Library/WebServer/Documents/opencart/system/storage/modification/admin/controller/sale/order.php on line 207
2020-09-03 10:15:35 - PHP Notice:  Undefined variable: firststyle in /Library/WebServer/Documents/opencart/system/storage/modification/admin/controller/sale/order.php on line 205
2020-09-03 10:17:33 - PHP Notice:  Undefined variable: firststyle in /Library/WebServer/Documents/opencart/system/storage/modification/admin/controller/sale/order.php on line 205
2020-09-03 10:29:33 - PHP Notice:  Undefined variable: order_id in /Library/WebServer/Documents/opencart/system/storage/modification/admin/controller/sale/order.php on line 194
2020-09-03 10:29:33 - PHP Notice:  Undefined variable: order_id in /Library/WebServer/Documents/opencart/system/storage/modification/admin/controller/sale/order.php on line 194
2020-09-03 10:29:33 - PHP Notice:  Undefined variable: order_id in /Library/WebServer/Documents/opencart/system/storage/modification/admin/controller/sale/order.php on line 194
2020-09-03 10:29:33 - PHP Notice:  Undefined variable: order_id in /Library/WebServer/Documents/opencart/system/storage/modification/admin/controller/sale/order.php on line 194
2020-09-03 10:29:33 - PHP Notice:  Undefined variable: order_id in /Library/WebServer/Documents/opencart/system/storage/modification/admin/controller/sale/order.php on line 194
2020-09-03 10:29:33 - PHP Notice:  Undefined variable: order_id in /Library/WebServer/Documents/opencart/system/storage/modification/admin/controller/sale/order.php on line 194
2020-09-03 10:29:33 - PHP Notice:  Undefined variable: order_id in /Library/WebServer/Documents/opencart/system/storage/modification/admin/controller/sale/order.php on line 194
2020-09-03 10:29:33 - PHP Notice:  Undefined variable: order_id in /Library/WebServer/Documents/opencart/system/storage/modification/admin/controller/sale/order.php on line 194
2020-09-03 10:29:33 - PHP Notice:  Undefined variable: order_id in /Library/WebServer/Documents/opencart/system/storage/modification/admin/controller/sale/order.php on line 194
2020-09-03 10:29:33 - PHP Notice:  Undefined variable: order_id in /Library/WebServer/Documents/opencart/system/storage/modification/admin/controller/sale/order.php on line 194
2020-09-03 10:32:04 - PHP Notice:  Undefined variable: order_id in /Library/WebServer/Documents/opencart/system/storage/modification/admin/controller/sale/order.php on line 194
2020-09-03 10:32:04 - PHP Notice:  Undefined variable: order_id in /Library/WebServer/Documents/opencart/system/storage/modification/admin/controller/sale/order.php on line 194
2020-09-03 10:32:04 - PHP Notice:  Undefined variable: order_id in /Library/WebServer/Documents/opencart/system/storage/modification/admin/controller/sale/order.php on line 194
2020-09-03 10:32:04 - PHP Notice:  Undefined variable: order_id in /Library/WebServer/Documents/opencart/system/storage/modification/admin/controller/sale/order.php on line 194
2020-09-03 10:32:04 - PHP Notice:  Undefined variable: order_id in /Library/WebServer/Documents/opencart/system/storage/modification/admin/controller/sale/order.php on line 194
2020-09-03 10:32:04 - PHP Notice:  Undefined variable: order_id in /Library/WebServer/Documents/opencart/system/storage/modification/admin/controller/sale/order.php on line 194
2020-09-03 10:32:04 - PHP Notice:  Undefined variable: order_id in /Library/WebServer/Documents/opencart/system/storage/modification/admin/controller/sale/order.php on line 194
2020-09-03 10:32:04 - PHP Notice:  Undefined variable: order_id in /Library/WebServer/Documents/opencart/system/storage/modification/admin/controller/sale/order.php on line 194
2020-09-03 10:32:04 - PHP Notice:  Undefined variable: order_id in /Library/WebServer/Documents/opencart/system/storage/modification/admin/controller/sale/order.php on line 194
2020-09-03 10:32:04 - PHP Notice:  Undefined variable: order_id in /Library/WebServer/Documents/opencart/system/storage/modification/admin/controller/sale/order.php on line 194
2020-09-03 10:35:10 - PHP Notice:  Undefined variable: order_id in /Library/WebServer/Documents/opencart/system/storage/modification/admin/controller/sale/order.php on line 196
2020-09-03 10:35:10 - PHP Notice:  Undefined variable: order_id in /Library/WebServer/Documents/opencart/system/storage/modification/admin/controller/sale/order.php on line 196
2020-09-03 10:35:10 - PHP Notice:  Undefined variable: order_id in /Library/WebServer/Documents/opencart/system/storage/modification/admin/controller/sale/order.php on line 196
2020-09-03 10:35:10 - PHP Notice:  Undefined variable: order_id in /Library/WebServer/Documents/opencart/system/storage/modification/admin/controller/sale/order.php on line 196
2020-09-03 10:35:10 - PHP Notice:  Undefined variable: order_id in /Library/WebServer/Documents/opencart/system/storage/modification/admin/controller/sale/order.php on line 196
2020-09-03 10:35:10 - PHP Notice:  Undefined variable: order_id in /Library/WebServer/Documents/opencart/system/storage/modification/admin/controller/sale/order.php on line 196
2020-09-03 10:35:10 - PHP Notice:  Undefined variable: order_id in /Library/WebServer/Documents/opencart/system/storage/modification/admin/controller/sale/order.php on line 196
2020-09-03 10:35:10 - PHP Notice:  Undefined variable: order_id in /Library/WebServer/Documents/opencart/system/storage/modification/admin/controller/sale/order.php on line 196
2020-09-03 10:35:10 - PHP Notice:  Undefined variable: order_id in /Library/WebServer/Documents/opencart/system/storage/modification/admin/controller/sale/order.php on line 196
2020-09-03 10:35:10 - PHP Notice:  Undefined variable: order_id in /Library/WebServer/Documents/opencart/system/storage/modification/admin/controller/sale/order.php on line 196
